18:39:06.121 [main] INFO  resources.base - Navigated to Home page
18:39:11.424 [main] INFO  testCases.BulkRunAllPrograms_2DiffPrograms - The value of id is: 001C2000003oVrjIAE
18:39:13.654 [main] INFO  resources.base - Driver is initialized
18:39:14.906 [main] INFO  resources.base - Navigated to Home page
18:39:18.822 [main] INFO  testCases.BulkRunAllPrograms_2DiffPrograms - The value of id is: 001C2000003oTWYIA2
18:39:20.904 [main] INFO  resources.base - Driver is initialized
18:39:21.841 [main] INFO  resources.base - Navigated to Home page
18:39:27.367 [main] INFO  testCases.BulkRunAllPrograms_2DiffPrograms - The value of id is: 001C2000003oRGLIA2
18:39:29.501 [main] INFO  resources.base - Driver is initialized
18:39:30.449 [main] INFO  resources.base - Navigated to Home page
18:39:34.609 [main] INFO  testCases.BulkRunAllPrograms_2DiffPrograms - The value of id is: 001C2000003oWHYIA2
18:39:36.503 [main] INFO  resources.base - Driver is initialized
18:39:37.474 [main] INFO  resources.base - Navigated to Home page
18:39:41.747 [main] INFO  testCases.BulkRunAllPrograms_2DiffPrograms - The value of id is: 001C2000003oRGMIA2
18:39:43.961 [main] INFO  resources.base - Driver is initialized
18:39:44.985 [main] INFO  resources.base - Navigated to Home page
18:39:49.354 [main] INFO  testCases.BulkRunAllPrograms_2DiffPrograms - The value of id is: 001C2000003oV26IAE
18:39:51.451 [main] INFO  resources.base - Driver is initialized
18:39:52.395 [main] INFO  resources.base - Navigated to Home page
18:39:57.806 [main] INFO  testCases.BulkRunAllPrograms_2DiffPrograms - The value of id is: 001C2000003oVq9IAE
18:40:00.416 [main] INFO  resources.base - Driver is initialized
18:40:01.404 [main] INFO  resources.base - Navigated to Home page
18:40:07.393 [main] INFO  testCases.BulkRunAllPrograms_2DiffPrograms - The value of id is: 001C2000003oStrIAE
18:40:09.507 [main] INFO  resources.base - Driver is initialized
18:40:10.510 [main] INFO  resources.base - Navigated to Home page
18:40:14.207 [main] INFO  testCases.BulkRunAllPrograms_2DiffPrograms - The value of id is: 001C2000003oUqsIAE
18:40:16.281 [main] INFO  resources.base - Driver is initialized
18:40:17.324 [main] INFO  resources.base - Navigated to Home page
18:40:22.651 [main] INFO  testCases.BulkRunAllPrograms_2DiffPrograms - The value of id is: 001C2000003oStsIAE
18:40:24.945 [main] INFO  resources.base - Driver is initialized
18:40:25.898 [main] INFO  resources.base - Navigated to Home page
18:40:30.003 [main] INFO  testCases.BulkRunAllPrograms_2DiffPrograms - The value of id is: 001C2000003oUR3IAM
18:40:32.169 [main] INFO  resources.base - Driver is initialized
18:40:33.095 [main] INFO  resources.base - Navigated to Home page
18:40:38.656 [main] INFO  testCases.BulkRunAllPrograms_2DiffPrograms - The value of id is: 001C2000003oVqAIAU
18:40:41.081 [main] INFO  resources.base - Driver is initialized
18:40:42.050 [main] INFO  resources.base - Navigated to Home page
18:40:47.620 [main] INFO  testCases.BulkRunAllPrograms_2DiffPrograms - The value of id is: 001C2000003oWJ9IAM
18:40:49.704 [main] INFO  resources.base - Driver is initialized
18:40:50.702 [main] INFO  resources.base - Navigated to Home page
18:40:54.919 [main] INFO  testCases.BulkRunAllPrograms_2DiffPrograms - The value of id is: 001C2000003oWxSIAU
18:40:56.984 [main] INFO  resources.base - Driver is initialized
18:40:57.910 [main] INFO  resources.base - Navigated to Home page
18:41:03.836 [main] INFO  testCases.BulkRunAllPrograms_2DiffPrograms - The value of id is: 001C2000003oX2HIAU
18:41:06.009 [main] INFO  resources.base - Driver is initialized
18:41:06.948 [main] INFO  resources.base - Navigated to Home page
18:41:12.778 [main] INFO  testCases.BulkRunAllPrograms_2DiffPrograms - The value of id is: 001C2000003oVN6IAM
18:41:14.968 [main] INFO  resources.base - Driver is initialized
18:41:15.905 [main] INFO  resources.base - Navigated to Home page
18:41:21.078 [main] INFO  testCases.BulkRunAllPrograms_2DiffPrograms - The value of id is: 001C2000003oSU6IAM
18:41:23.262 [main] INFO  resources.base - Driver is initialized
18:41:24.198 [main] INFO  resources.base - Navigated to Home page
18:41:29.466 [main] INFO  testCases.BulkRunAllPrograms_2DiffPrograms - The value of id is: 001C2000003oVIGIA2
18:41:31.740 [main] INFO  resources.base - Driver is initialized
18:41:32.661 [main] INFO  resources.base - Navigated to Home page
18:41:38.596 [main] INFO  testCases.BulkRunAllPrograms_2DiffPrograms - The value of id is: 001C2000003oRn8IAE
18:41:40.682 [main] INFO  resources.base - Driver is initialized
18:41:41.615 [main] INFO  resources.base - Navigated to Home page
18:41:45.781 [main] INFO  testCases.BulkRunAllPrograms_2DiffPrograms - The value of id is: 001C2000003oRn9IAE
18:41:47.923 [main] INFO  resources.base - Driver is initialized
18:41:48.880 [main] INFO  resources.base - Navigated to Home page
18:41:54.346 [main] INFO  testCases.BulkRunAllPrograms_2DiffPrograms - The value of id is: 001C2000003oX3tIAE
