15:08:33.910 [main] INFO  resources.base - Driver is initialized
15:08:35.373 [main] INFO  resources.base - Navigated to Home page
15:08:46.332 [main] INFO  testCases.BulkRunAllPrograms_2DiffPrograms - The value of id is: 001JU000000RIGzYAO
15:08:51.096 [main] INFO  resources.base - Driver is initialized
15:08:52.322 [main] INFO  resources.base - Navigated to Home page
15:09:02.536 [main] INFO  testCases.BulkRunAllPrograms_2DiffPrograms - The value of id is: 001JU000000RHXrYAO
15:09:06.932 [main] INFO  resources.base - Driver is initialized
15:09:08.269 [main] INFO  resources.base - Navigated to Home page
15:09:14.170 [main] INFO  testCases.BulkRunAllPrograms_2DiffPrograms - The value of id is: 001JU000000RICAYA4
15:09:17.269 [main] INFO  resources.base - Driver is initialized
15:09:18.607 [main] INFO  resources.base - Navigated to Home page
15:09:23.604 [main] INFO  testCases.BulkRunAllPrograms_2DiffPrograms - The value of id is: 001JU000000RIIbYAO
15:09:26.457 [main] INFO  resources.base - Driver is initialized
15:09:27.681 [main] INFO  resources.base - Navigated to Home page
15:09:31.997 [main] INFO  testCases.BulkRunAllPrograms_2DiffPrograms - The value of id is: 001JU000000RIKDYA4
15:09:34.540 [main] INFO  resources.base - Driver is initialized
15:09:36.054 [main] INFO  resources.base - Navigated to Home page
15:09:41.704 [main] INFO  testCases.BulkRunAllPrograms_2DiffPrograms - The value of id is: 001JU000000RILpYAO
15:09:44.509 [main] INFO  resources.base - Driver is initialized
15:09:45.724 [main] INFO  resources.base - Navigated to Home page
15:09:52.631 [main] INFO  testCases.BulkRunAllPrograms_2DiffPrograms - The value of id is: 001JU000000RINRYA4
15:09:55.429 [main] INFO  resources.base - Driver is initialized
15:09:56.647 [main] INFO  resources.base - Navigated to Home page
15:10:02.301 [main] INFO  testCases.BulkRunAllPrograms_2DiffPrograms - The value of id is: 001JU000000RIP3YAO
18:00:35.850 [main] INFO  resources.base - Driver is initialized
18:00:37.082 [main] INFO  resources.base - Navigated to Home page
18:33:04.162 [main] INFO  resources.base - Driver is initialized
18:33:05.614 [main] INFO  resources.base - Navigated to Home page
18:35:52.023 [main] INFO  resources.base - Driver is initialized
18:35:53.413 [main] INFO  resources.base - Navigated to Home page
18:47:55.714 [main] INFO  resources.base - Driver is initialized
18:47:57.009 [main] INFO  resources.base - Navigated to Home page
18:54:58.578 [main] INFO  resources.base - Driver is initialized
18:55:00.055 [main] INFO  resources.base - Navigated to Home page
18:57:54.764 [main] INFO  resources.base - Driver is initialized
18:57:56.233 [main] INFO  resources.base - Navigated to Home page
18:59:51.500 [main] INFO  resources.base - Driver is initialized
18:59:52.881 [main] INFO  resources.base - Navigated to Home page
20:03:55.415 [main] INFO  resources.base - Driver is initialized
20:03:59.985 [main] INFO  resources.base - Driver is initialized
20:04:01.425 [main] INFO  resources.base - Navigated to Home page
20:04:16.873 [main] INFO  resources.base - Driver is initialized
20:04:18.188 [main] INFO  resources.base - Navigated to Home page
20:05:36.018 [main] INFO  resources.base - Driver is initialized
20:05:37.666 [main] INFO  resources.base - Navigated to Home page
20:06:31.020 [main] INFO  resources.base - Driver is initialized
20:06:32.605 [main] INFO  resources.base - Navigated to Home page
20:07:24.063 [main] INFO  resources.base - Driver is initialized
20:07:25.584 [main] INFO  resources.base - Navigated to Home page
20:09:07.705 [main] INFO  resources.base - Driver is initialized
20:09:09.509 [main] INFO  resources.base - Navigated to Home page
20:10:03.064 [main] INFO  resources.base - Driver is initialized
20:10:04.886 [main] INFO  resources.base - Navigated to Home page
20:10:57.676 [main] INFO  resources.base - Driver is initialized
20:10:59.633 [main] INFO  resources.base - Navigated to Home page
20:12:00.220 [main] INFO  resources.base - Driver is initialized
20:12:01.457 [main] INFO  resources.base - Navigated to Home page
20:12:52.536 [main] INFO  resources.base - Driver is initialized
20:12:53.864 [main] INFO  resources.base - Navigated to Home page
20:13:47.497 [main] INFO  resources.base - Driver is initialized
20:13:48.962 [main] INFO  resources.base - Navigated to Home page
20:15:03.182 [main] INFO  resources.base - Driver is initialized
20:15:04.778 [main] INFO  resources.base - Navigated to Home page
20:15:59.873 [main] INFO  resources.base - Driver is initialized
20:16:01.616 [main] INFO  resources.base - Navigated to Home page
20:16:59.373 [main] INFO  resources.base - Driver is initialized
20:17:01.127 [main] INFO  resources.base - Navigated to Home page
20:17:54.562 [main] INFO  resources.base - Driver is initialized
20:17:56.902 [main] INFO  resources.base - Navigated to Home page
20:19:05.841 [main] INFO  resources.base - Driver is initialized
