18:39:18.690 [main] INFO  testCases.BulkRunAllPrograms_2DiffPrograms - The value of id is: 001HF000000kmZWYAY
18:39:20.889 [main] INFO  resources.base - Driver is initialized
18:39:22.261 [main] INFO  resources.base - Navigated to Home page
18:39:27.802 [main] INFO  testCases.BulkRunAllPrograms_2DiffPrograms - The value of id is: 001HF000000knH5YAI
18:39:30.168 [main] INFO  resources.base - Driver is initialized
18:39:31.186 [main] INFO  resources.base - Navigated to Home page
18:39:35.320 [main] INFO  testCases.BulkRunAllPrograms_2DiffPrograms - The value of id is: 001HF000000knybYAA
18:39:37.444 [main] INFO  resources.base - Driver is initialized
18:39:38.449 [main] INFO  resources.base - Navigated to Home page
18:39:44.653 [main] INFO  testCases.BulkRunAllPrograms_2DiffPrograms - The value of id is: 001HF000000kn93YAA
18:39:46.933 [main] INFO  resources.base - Driver is initialized
18:39:47.945 [main] INFO  resources.base - Navigated to Home page
18:39:53.673 [main] INFO  testCases.BulkRunAllPrograms_2DiffPrograms - The value of id is: 001HF000000ko0DYAQ
18:39:56.165 [main] INFO  resources.base - Driver is initialized
18:39:57.198 [main] INFO  resources.base - Navigated to Home page
18:40:02.879 [main] INFO  testCases.BulkRunAllPrograms_2DiffPrograms - The value of id is: 001HF000000kmMeYAI
18:40:05.629 [main] INFO  resources.base - Driver is initialized
18:40:06.591 [main] INFO  resources.base - Navigated to Home page
18:40:10.664 [main] INFO  testCases.BulkRunAllPrograms_2DiffPrograms - The value of id is: 001HF000000ko3RYAQ
18:40:12.856 [main] INFO  resources.base - Driver is initialized
18:40:13.889 [main] INFO  resources.base - Navigated to Home page
18:40:18.827 [main] INFO  testCases.BulkRunAllPrograms_2DiffPrograms - The value of id is: 001HF000000kkUVYAY
18:40:21.033 [main] INFO  resources.base - Driver is initialized
18:40:22.037 [main] INFO  resources.base - Navigated to Home page
18:40:26.711 [main] INFO  testCases.BulkRunAllPrograms_2DiffPrograms - The value of id is: 001HF000000ko3SYAQ
18:40:28.883 [main] INFO  resources.base - Driver is initialized
18:40:29.885 [main] INFO  resources.base - Navigated to Home page
18:40:35.335 [main] INFO  testCases.BulkRunAllPrograms_2DiffPrograms - The value of id is: 001HF000000klSCYAY
18:40:37.630 [main] INFO  resources.base - Driver is initialized
18:40:38.611 [main] INFO  resources.base - Navigated to Home page
18:40:44.077 [main] INFO  testCases.BulkRunAllPrograms_2DiffPrograms - The value of id is: 001HF000000ko53YAA
18:40:46.276 [main] INFO  resources.base - Driver is initialized
18:40:47.306 [main] INFO  resources.base - Navigated to Home page
18:40:52.792 [main] INFO  testCases.BulkRunAllPrograms_2DiffPrograms - The value of id is: 001HF000000kl40YAA
18:40:55.132 [main] INFO  resources.base - Driver is initialized
18:40:56.144 [main] INFO  resources.base - Navigated to Home page
18:41:03.061 [main] INFO  testCases.BulkRunAllPrograms_2DiffPrograms - The value of id is: 001HF000000kjF6YAI
18:41:05.256 [main] INFO  resources.base - Driver is initialized
18:41:06.249 [main] INFO  resources.base - Navigated to Home page
18:41:13.017 [main] INFO  testCases.BulkRunAllPrograms_2DiffPrograms - The value of id is: 001HF000000ko6fYAA
18:41:15.145 [main] INFO  resources.base - Driver is initialized
18:41:16.147 [main] INFO  resources.base - Navigated to Home page
18:41:20.094 [main] INFO  testCases.BulkRunAllPrograms_2DiffPrograms - The value of id is: 001HF000000ko8HYAQ
18:41:22.339 [main] INFO  resources.base - Driver is initialized
18:41:23.333 [main] INFO  resources.base - Navigated to Home page
18:41:27.123 [main] INFO  testCases.BulkRunAllPrograms_2DiffPrograms - The value of id is: 001HF000000ko9tYAA
18:41:29.370 [main] INFO  resources.base - Driver is initialized
18:41:30.343 [main] INFO  resources.base - Navigated to Home page
18:41:34.087 [main] INFO  testCases.BulkRunAllPrograms_2DiffPrograms - The value of id is: 001HF000000kldVYAQ
18:41:36.359 [main] INFO  resources.base - Driver is initialized
18:41:37.347 [main] INFO  resources.base - Navigated to Home page
18:41:41.925 [main] INFO  testCases.BulkRunAllPrograms_2DiffPrograms - The value of id is: 001HF000000klrzYAA
18:41:44.087 [main] INFO  resources.base - Driver is initialized
18:41:45.068 [main] INFO  resources.base - Navigated to Home page
18:41:50.957 [main] INFO  testCases.BulkRunAllPrograms_2DiffPrograms - The value of id is: 001HF000000kkhPYAQ
18:41:53.521 [main] INFO  resources.base - Driver is initialized
18:41:54.518 [main] INFO  resources.base - Navigated to Home page
18:42:00.020 [main] INFO  testCases.BulkRunAllPrograms_2DiffPrograms - The value of id is: 001HF000000kmBKYAY
18:42:02.724 [main] INFO  resources.base - Driver is initialized
18:42:03.755 [main] INFO  resources.base - Navigated to Home page
18:42:08.975 [main] INFO  testCases.BulkRunAllPrograms_2DiffPrograms - The value of id is: 001HF000000kn5pYAA
18:42:11.282 [main] INFO  resources.base - Driver is initialized
